<?xml version="1.0" encoding="UTF-8"?>
<!-- Generated by org.testng.reporters.JUnitReportReporter -->
<testsuite hostname="LAPTOP-Q0O87TP0" failures="0" tests="2" name="apps.pets.BlogTest" time="7.617" errors="0" timestamp="25 Jun 2022 02:46:18 GMT" skipped="0">
  <testcase classname="apps.pets.BlogTest" name="newtab" time="3.512"/>
  <testcase classname="apps.pets.BlogTest" name="Release" time="4.105"/>
</testsuite> <!-- apps.pets.BlogTest -->
