<?xml version="1.0" encoding="UTF-8"?>
<!-- Generated by org.testng.reporters.JUnitReportReporter -->
<testsuite hostname="LAPTOP-Q0O87TP0" failures="0" tests="7" name="apps.pets.AccountsTest" time="42.770" errors="0" timestamp="25 Jun 2022 02:46:18 GMT" skipped="0">
  <testcase classname="apps.pets.AccountsTest" name="UpdatepassWord" time="3.721"/>
  <testcase classname="apps.pets.AccountsTest" name="FavoriteCategoryBirds" time="3.853"/>
  <testcase classname="apps.pets.AccountsTest" name="FavoriteCategoryDog" time="3.886"/>
  <testcase classname="apps.pets.AccountsTest" name="UpdateAccountPhoneNumber" time="19.837"/>
  <testcase classname="apps.pets.AccountsTest" name="FavoriteCategoryFish" time="3.754"/>
  <testcase classname="apps.pets.AccountsTest" name="FavoriteCategoryCat" time="3.829"/>
  <testcase classname="apps.pets.AccountsTest" name="FavoriteCategoryReptiles" time="3.890"/>
</testsuite> <!-- apps.pets.AccountsTest -->
