<?xml version="1.0" encoding="UTF-8"?>
<!-- Generated by org.testng.reporters.JUnitReportReporter -->
<testsuite hostname="LAPTOP-Q0O87TP0" failures="0" tests="2" name="apps.pets.BirdsTest" time="6.750" errors="0" timestamp="25 Jun 2022 02:46:18 GMT" skipped="0">
  <testcase classname="apps.pets.BirdsTest" name="FinchDesc" time="3.387"/>
  <testcase classname="apps.pets.BirdsTest" name="AmazonParrotDesc" time="3.363"/>
</testsuite> <!-- apps.pets.BirdsTest -->
