<?xml version="1.0" encoding="UTF-8"?>
<!-- Generated by org.testng.reporters.JUnitReportReporter -->
<testsuite hostname="LAPTOP-Q0O87TP0" failures="0" tests="3" name="apps.pets.ReptilesTest" time="10.101" errors="0" timestamp="25 Jun 2022 02:46:18 GMT" skipped="0">
  <testcase classname="apps.pets.ReptilesTest" name="VenomlessRattlesnakeDesc" time="3.354"/>
  <testcase classname="apps.pets.ReptilesTest" name="GreenIguanaDesc" time="3.348"/>
  <testcase classname="apps.pets.ReptilesTest" name="RattlelessRattlesnakeDesc" time="3.399"/>
</testsuite> <!-- apps.pets.ReptilesTest -->
