<?xml version="1.0" encoding="UTF-8"?>
<!-- Generated by org.testng.reporters.JUnitReportReporter -->
<testsuite hostname="LAPTOP-Q0O87TP0" failures="0" tests="9" name="apps.pets.OrdersTest" time="35.773" errors="0" timestamp="25 Jun 2022 02:46:18 GMT" skipped="0">
  <testcase classname="apps.pets.OrdersTest" name="Order219350" time="3.928"/>
  <testcase classname="apps.pets.OrdersTest" name="Order9079" time="3.932"/>
  <testcase classname="apps.pets.OrdersTest" name="Order9078" time="3.921"/>
  <testcase classname="apps.pets.OrdersTest" name="Order9074" time="3.888"/>
  <testcase classname="apps.pets.OrdersTest" name="Order219319" time="3.946"/>
  <testcase classname="apps.pets.OrdersTest" name="Order85940" time="4.119"/>
  <testcase classname="apps.pets.OrdersTest" name="Order87422" time="3.954"/>
  <testcase classname="apps.pets.OrdersTest" name="Order9073" time="4.081"/>
  <testcase classname="apps.pets.OrdersTest" name="Order9072" time="4.004"/>
</testsuite> <!-- apps.pets.OrdersTest -->
