<?xml version="1.0" encoding="UTF-8"?>
<!-- Generated by org.testng.reporters.JUnitReportReporter -->
<testsuite hostname="LAPTOP-Q0O87TP0" failures="0" tests="3" name="apps.pets.RegisterTest" time="17.186" errors="0" timestamp="25 Jun 2022 02:46:18 GMT" skipped="0">
  <testcase classname="apps.pets.RegisterTest" name="Create2ndAccount" time="8.978"/>
  <testcase classname="apps.pets.RegisterTest" name="RegisterAnAccount" time="4.207"/>
  <testcase classname="apps.pets.RegisterTest" name="InvalidRegisterAccount" time="4.001"/>
</testsuite> <!-- apps.pets.RegisterTest -->
