<?xml version="1.0" encoding="UTF-8"?>
<!-- Generated by org.testng.reporters.JUnitReportReporter -->
<testsuite hostname="LAPTOP-Q0O87TP0" failures="0" tests="4" name="apps.pets.CatsTest" time="13.664" errors="0" timestamp="25 Jun 2022 02:46:18 GMT" skipped="0">
  <testcase classname="apps.pets.CatsTest" name="TailessManxCatDesc" time="3.307"/>
  <testcase classname="apps.pets.CatsTest" name="MalePersianCatDesc" time="3.430"/>
  <testcase classname="apps.pets.CatsTest" name="WithTailManxCatDesc" time="3.413"/>
  <testcase classname="apps.pets.CatsTest" name="FemalePersianCatDesc" time="3.514"/>
</testsuite> <!-- apps.pets.CatsTest -->
