<?xml version="1.0" encoding="UTF-8"?>
<!-- Generated by org.testng.reporters.JUnitReportReporter -->
<testsuite hostname="LAPTOP-Q0O87TP0" failures="0" tests="5" name="apps.pets.SignInTest" time="17.450" errors="0" timestamp="25 Jun 2022 02:46:18 GMT" skipped="0">
  <testcase classname="apps.pets.SignInTest" name="ValidLogin" time="3.290"/>
  <testcase classname="apps.pets.SignInTest" name="InvalidLogout" time="3.213"/>
  <testcase classname="apps.pets.SignInTest" name="ValidLoginSyed" time="3.630"/>
  <testcase classname="apps.pets.SignInTest" name="ValidLogout" time="3.590"/>
  <testcase classname="apps.pets.SignInTest" name="ValidLoginSyedLogOut" time="3.727"/>
</testsuite> <!-- apps.pets.SignInTest -->
