<?xml version="1.0" encoding="UTF-8"?>
<!-- Generated by org.testng.reporters.JUnitReportReporter -->
<testsuite hostname="LAPTOP-Q0O87TP0" failures="0" tests="7" name="apps.pets.FishTest" time="25.312" errors="0" timestamp="25 Jun 2022 02:46:18 GMT" skipped="0">
  <testcase classname="apps.pets.FishTest" name="FemaleGoldFishDesc" time="3.467"/>
  <testcase classname="apps.pets.FishTest" name="MaleGoldFishDesc" time="3.421"/>
  <testcase classname="apps.pets.FishTest" name="largeAngelfishDesc" time="3.774"/>
  <testcase classname="apps.pets.FishTest" name="SpottedKoiDesc" time="4.426"/>
  <testcase classname="apps.pets.FishTest" name="smallAngelfishDesc" time="3.396"/>
  <testcase classname="apps.pets.FishTest" name="SharkDesc" time="3.408"/>
  <testcase classname="apps.pets.FishTest" name="NonSpottedKoiDesc" time="3.420"/>
</testsuite> <!-- apps.pets.FishTest -->
