<?xml version="1.0" encoding="UTF-8"?>
<!-- Generated by org.testng.reporters.JUnitReportReporter -->
<testsuite hostname="LAPTOP-Q0O87TP0" failures="0" tests="20" name="apps.pets.CartTest" time="77.549" errors="0" timestamp="25 Jun 2022 02:46:18 GMT" skipped="0">
  <testcase classname="apps.pets.CartTest" name="UpdateMaleBullDogQty" time="4.169"/>
  <testcase classname="apps.pets.CartTest" name="LoggedinRattleSnakeCarted" time="4.194"/>
  <testcase classname="apps.pets.CartTest" name="RattleSnakeCarted" time="3.652"/>
  <testcase classname="apps.pets.CartTest" name="BullDogCarted" time="3.837"/>
  <testcase classname="apps.pets.CartTest" name="LoggedinPersianCatCarted" time="4.036"/>
  <testcase classname="apps.pets.CartTest" name="removeSharkFromCart" time="3.783"/>
  <testcase classname="apps.pets.CartTest" name="UpdateParrotQtyCart" time="3.982"/>
  <testcase classname="apps.pets.CartTest" name="PersianCatCarted" time="3.536"/>
  <testcase classname="apps.pets.CartTest" name="LoggedinSharkCart" time="4.083"/>
  <testcase classname="apps.pets.CartTest" name="LoggedinBullDogCarted" time="4.104"/>
  <testcase classname="apps.pets.CartTest" name="LoggedinParrotCart" time="4.139"/>
  <testcase classname="apps.pets.CartTest" name="UpdatePersianCatQty" time="3.907"/>
  <testcase classname="apps.pets.CartTest" name="ParrotCarted" time="3.670"/>
  <testcase classname="apps.pets.CartTest" name="UpdateVenomlessSnakeQty" time="3.999"/>
  <testcase classname="apps.pets.CartTest" name="UpdateSharkQtyCart" time="3.813"/>
  <testcase classname="apps.pets.CartTest" name="removeBulldogCart" time="4.021"/>
  <testcase classname="apps.pets.CartTest" name="RemoveVenomlessSnakeQty" time="4.275"/>
  <testcase classname="apps.pets.CartTest" name="removePersianCatCart" time="3.876"/>
  <testcase classname="apps.pets.CartTest" name="TigerSharkCarted" time="3.575"/>
  <testcase classname="apps.pets.CartTest" name="Cart" time="2.898"/>
</testsuite> <!-- apps.pets.CartTest -->
