<?xml version="1.0" encoding="UTF-8"?>
<!-- Generated by org.testng.reporters.JUnitReportReporter -->
<testsuite hostname="LAPTOP-Q0O87TP0" failures="0" tests="10" name="apps.pets.DogsTest" time="34.089" errors="0" timestamp="25 Jun 2022 02:46:18 GMT" skipped="0">
  <testcase classname="apps.pets.DogsTest" name="AdultFemaleChihuahuaDesc" time="3.380"/>
  <testcase classname="apps.pets.DogsTest" name="AdultMaleChihuahuaDesc" time="3.436"/>
  <testcase classname="apps.pets.DogsTest" name="AdultFemaleLabradorRetrieverDesc" time="3.406"/>
  <testcase classname="apps.pets.DogsTest" name="PoodleDesc" time="3.399"/>
  <testcase classname="apps.pets.DogsTest" name="SpotlessDalmationDesc" time="3.438"/>
  <testcase classname="apps.pets.DogsTest" name="AdultMaleLabradorRetrieverDesc" time="3.521"/>
  <testcase classname="apps.pets.DogsTest" name="FemalePuppyBulldogDesc" time="3.337"/>
  <testcase classname="apps.pets.DogsTest" name="MaleAdultBulldogDesc" time="3.387"/>
  <testcase classname="apps.pets.DogsTest" name="SpottedDalmationDesc" time="3.359"/>
  <testcase classname="apps.pets.DogsTest" name="GoldenRetrieverDesc" time="3.426"/>
</testsuite> <!-- apps.pets.DogsTest -->
