<?xml version="1.0" encoding="UTF-8"?>
<!-- Generated by org.testng.reporters.JUnitReportReporter -->
<testsuite hostname="LAPTOP-Q0O87TP0" failures="0" tests="5" name="apps.pets.SearchTest" time="72.356" errors="0" timestamp="25 Jun 2022 02:46:18 GMT" skipped="0">
  <testcase classname="apps.pets.SearchTest" name="searchMultiplePetsWithExcel" time="28.983"/>
  <testcase classname="apps.pets.SearchTest" name="SearchInvaliditem" time="4.960"/>
  <testcase classname="apps.pets.SearchTest" name="SearchValiditem" time="5.176"/>
  <testcase classname="apps.pets.SearchTest" name="Searchmultiplepets" time="28.057"/>
  <testcase classname="apps.pets.SearchTest" name="SearchSnake" time="5.180"/>
</testsuite> <!-- apps.pets.SearchTest -->
