<?xml version="1.0" encoding="UTF-8"?>
<!-- Generated by org.testng.reporters.JUnitReportReporter -->
<testsuite hostname="LAPTOP-Q0O87TP0" failures="0" tests="3" name="apps.pets.CheckOutTest" time="20.828" errors="0" timestamp="25 Jun 2022 02:46:18 GMT" skipped="0">
  <testcase classname="apps.pets.CheckOutTest" name="CheckoutWithShiptodifferentAddress" time="11.583"/>
  <testcase classname="apps.pets.CheckOutTest" name="Checkout" time="4.676"/>
  <testcase classname="apps.pets.CheckOutTest" name="CheckoutWithCardDropDown" time="4.569"/>
</testsuite> <!-- apps.pets.CheckOutTest -->
